<?xml version="1.0" encoding="UTF-8"?>
<!-- Generated by org.testng.reporters.JUnitReportReporter -->
<testsuite hostname="DESKTOP-PE7GH93" failures="0" tests="4" name="testng.Login" time="22.921" errors="0" timestamp="2023-08-17T21:09:27 IST" skipped="0">
  <testcase classname="testng.Login" name="loginWithoutUsernamePassword" time="6.991"/>
  <system-out/>
  <testcase classname="testng.Login" name="loginWithValidCredentials" time="6.255"/>
  <system-out/>
  <testcase classname="testng.Login" name="loginWithoutUsername" time="4.749"/>
  <system-out/>
  <testcase classname="testng.Login" name="loginWithoutPassword" time="4.926"/>
  <system-out/>
</testsuite> <!-- testng.Login -->
