<?xml version="1.0" encoding="UTF-8"?>
<!-- Generated by org.testng.reporters.JUnitReportReporter -->
<testsuite hostname="LAPTOP-GJ38PRL1" failures="0" tests="1" name="home.Home" time="1.664" errors="0" timestamp="2024-03-08T12:32:00 IST" skipped="0">
  <testcase classname="home.Home" name="sortTransactionsAsPerAmounts" time="1.664"/>
  <system-out/>
</testsuite> <!-- home.Home -->
