<?xml version="1.0" encoding="UTF-8"?>
<!-- Generated by org.testng.reporters.JUnitReportReporter -->
<testsuite hostname="LAPTOP-GJ38PRL1" failures="0" tests="4" name="login.Login" time="6.376" errors="0" timestamp="2024-03-08T12:32:00 IST" skipped="0">
  <testcase classname="login.Login" name="loginWithoutUsernamePassword" time="1.314"/>
  <system-out/>
  <testcase classname="login.Login" name="loginWithoutPassword" time="2.024"/>
  <system-out/>
  <testcase classname="login.Login" name="loginWithValidCredentials" time="1.618"/>
  <system-out/>
  <testcase classname="login.Login" name="loginWithoutUsername" time="1.420"/>
  <system-out/>
</testsuite> <!-- login.Login -->
